\BOOKMARK [0][-]{chapter.1}{\376\377\000M\000a\000i\000n\000\040\000P\000a\000g\000e}{}% 1
\BOOKMARK [0][-]{chapter.2}{\376\377\000I\000n\000t\000r\000o\000d\000u\000c\000t\000i\000o\000n\000\040\000T\000o\000\040\000T\000h\000e\000\040\000H\000a\000r\000d\000w\000a\000r\000e}{}% 2
\BOOKMARK [0][-]{chapter.3}{\376\377\000I\000n\000t\000r\000o\000d\000u\000c\000t\000i\000o\000n\000\040\000T\000o\000\040\000T\000h\000e\000\040\000S\000o\000f\000t\000w\000a\000r\000e}{}% 3
\BOOKMARK [0][-]{chapter.4}{\376\377\000M\000o\000d\000u\000l\000e\000\040\000I\000n\000d\000e\000x}{}% 4
\BOOKMARK [1][-]{section.4.1}{\376\377\000M\000o\000d\000u\000l\000e\000s}{chapter.4}% 5
\BOOKMARK [0][-]{chapter.5}{\376\377\000N\000a\000m\000e\000s\000p\000a\000c\000e\000\040\000I\000n\000d\000e\000x}{}% 6
\BOOKMARK [1][-]{section.5.1}{\376\377\000N\000a\000m\000e\000s\000p\000a\000c\000e\000\040\000L\000i\000s\000t}{chapter.5}% 7
\BOOKMARK [0][-]{chapter.6}{\376\377\000H\000i\000e\000r\000a\000r\000c\000h\000i\000c\000a\000l\000\040\000I\000n\000d\000e\000x}{}% 8
\BOOKMARK [1][-]{section.6.1}{\376\377\000C\000l\000a\000s\000s\000\040\000H\000i\000e\000r\000a\000r\000c\000h\000y}{chapter.6}% 9
\BOOKMARK [0][-]{chapter.7}{\376\377\000C\000l\000a\000s\000s\000\040\000I\000n\000d\000e\000x}{}% 10
\BOOKMARK [1][-]{section.7.1}{\376\377\000C\000l\000a\000s\000s\000\040\000L\000i\000s\000t}{chapter.7}% 11
\BOOKMARK [0][-]{chapter.8}{\376\377\000M\000o\000d\000u\000l\000e\000\040\000D\000o\000c\000u\000m\000e\000n\000t\000a\000t\000i\000o\000n}{}% 12
\BOOKMARK [1][-]{section.8.1}{\376\377\000C\000o\000m\000m\000a\000n\000d\000s}{chapter.8}% 13
\BOOKMARK [2][-]{subsection.8.1.1}{\376\377\000D\000e\000t\000a\000i\000l\000e\000d\000\040\000D\000e\000s\000c\000r\000i\000p\000t\000i\000o\000n}{section.8.1}% 14
\BOOKMARK [2][-]{subsection.8.1.2}{\376\377\000F\000u\000n\000c\000t\000i\000o\000n\000\040\000D\000o\000c\000u\000m\000e\000n\000t\000a\000t\000i\000o\000n}{section.8.1}% 15
\BOOKMARK [3][-]{subsubsection.8.1.2.1}{\376\377\000b\000a\000c\000k\000l\000i\000g\000h\000t}{subsection.8.1.2}% 16
\BOOKMARK [3][-]{subsubsection.8.1.2.2}{\376\377\000c\000f\000g\000i\000o}{subsection.8.1.2}% 17
\BOOKMARK [3][-]{subsubsection.8.1.2.3}{\376\377\000i\000o}{subsection.8.1.2}% 18
\BOOKMARK [3][-]{subsubsection.8.1.2.4}{\376\377\000p\000i\000n\000g}{subsection.8.1.2}% 19
\BOOKMARK [3][-]{subsubsection.8.1.2.5}{\376\377\000p\000l\000a\000y}{subsection.8.1.2}% 20
\BOOKMARK [3][-]{subsubsection.8.1.2.6}{\376\377\000r\000e\000s\000e\000t}{subsection.8.1.2}% 21
\BOOKMARK [3][-]{subsubsection.8.1.2.7}{\376\377\000r\000u\000n}{subsection.8.1.2}% 22
\BOOKMARK [3][-]{subsubsection.8.1.2.8}{\376\377\000s\000n\000a\000p\000s\000h\000o\000t}{subsection.8.1.2}% 23
\BOOKMARK [3][-]{subsubsection.8.1.2.9}{\376\377\000v\000e\000r\000b\000o\000s\000e}{subsection.8.1.2}% 24
\BOOKMARK [3][-]{subsubsection.8.1.2.10}{\376\377\000w\000q\000u\000i\000e\000t}{subsection.8.1.2}% 25
\BOOKMARK [3][-]{subsubsection.8.1.2.11}{\376\377\000x\000m\000a\000x}{subsection.8.1.2}% 26
\BOOKMARK [3][-]{subsubsection.8.1.2.12}{\376\377\000y\000m\000a\000x}{subsection.8.1.2}% 27
\BOOKMARK [1][-]{section.8.2}{\376\377\000P\000r\000i\000m\000i\000t\000v\000e\000\040\000D\000r\000a\000w\000i\000n\000g\000\040\000C\000o\000m\000m\000a\000n\000d\000s}{chapter.8}% 28
\BOOKMARK [2][-]{subsection.8.2.1}{\376\377\000D\000e\000t\000a\000i\000l\000e\000d\000\040\000D\000e\000s\000c\000r\000i\000p\000t\000i\000o\000n}{section.8.2}% 29
\BOOKMARK [2][-]{subsection.8.2.2}{\376\377\000F\000u\000n\000c\000t\000i\000o\000n\000\040\000D\000o\000c\000u\000m\000e\000n\000t\000a\000t\000i\000o\000n}{section.8.2}% 30
\BOOKMARK [3][-]{subsubsection.8.2.2.1}{\376\377\000a\000r\000c}{subsection.8.2.2}% 31
\BOOKMARK [3][-]{subsubsection.8.2.2.2}{\376\377\000b\000o\000x}{subsection.8.2.2}% 32
\BOOKMARK [3][-]{subsubsection.8.2.2.3}{\376\377\000c\000i\000r\000c\000l\000e}{subsection.8.2.2}% 33
\BOOKMARK [3][-]{subsubsection.8.2.2.4}{\376\377\000c\000l\000i\000p\000A\000r\000e\000a}{subsection.8.2.2}% 34
\BOOKMARK [3][-]{subsubsection.8.2.2.5}{\376\377\000c\000l\000i\000p\000E\000n\000a\000b\000l\000e}{subsection.8.2.2}% 35
\BOOKMARK [3][-]{subsubsection.8.2.2.6}{\376\377\000c\000l\000s}{subsection.8.2.2}% 36
\BOOKMARK [3][-]{subsubsection.8.2.2.7}{\376\377\000c\000o\000l\000o\000r}{subsection.8.2.2}% 37
\BOOKMARK [3][-]{subsubsection.8.2.2.8}{\376\377\000c\000o\000l\000o\000r\000I\000d}{subsection.8.2.2}% 38
\BOOKMARK [3][-]{subsubsection.8.2.2.9}{\376\377\000l\000i\000n\000e}{subsection.8.2.2}% 39
\BOOKMARK [3][-]{subsubsection.8.2.2.10}{\376\377\000l\000i\000n\000e\000T\000y\000p\000e}{subsection.8.2.2}% 40
\BOOKMARK [3][-]{subsubsection.8.2.2.11}{\376\377\000l\000i\000n\000e\000W\000i\000d\000t\000h}{subsection.8.2.2}% 41
\BOOKMARK [3][-]{subsubsection.8.2.2.12}{\376\377\000p\000i\000e}{subsection.8.2.2}% 42
\BOOKMARK [3][-]{subsubsection.8.2.2.13}{\376\377\000p\000l\000o\000t}{subsection.8.2.2}% 43
\BOOKMARK [3][-]{subsubsection.8.2.2.14}{\376\377\000x\000y}{subsection.8.2.2}% 44
\BOOKMARK [1][-]{section.8.3}{\376\377\000W\000i\000d\000g\000e\000t\000s}{chapter.8}% 45
\BOOKMARK [2][-]{subsection.8.3.1}{\376\377\000D\000e\000t\000a\000i\000l\000e\000d\000\040\000D\000e\000s\000c\000r\000i\000p\000t\000i\000o\000n}{section.8.3}% 46
\BOOKMARK [2][-]{subsection.8.3.2}{\376\377\000F\000u\000n\000c\000t\000i\000o\000n\000\040\000D\000o\000c\000u\000m\000e\000n\000t\000a\000t\000i\000o\000n}{section.8.3}% 47
\BOOKMARK [3][-]{subsubsection.8.3.2.1}{\376\377\000a\000m\000e\000t\000e\000r}{subsection.8.3.2}% 48
\BOOKMARK [3][-]{subsubsection.8.3.2.2}{\376\377\000a\000m\000e\000t\000e\000r\000\137\000c\000o\000l\000o\000r}{subsection.8.3.2}% 49
\BOOKMARK [3][-]{subsubsection.8.3.2.3}{\376\377\000b\000u\000t\000t\000o\000n}{subsection.8.3.2}% 50
\BOOKMARK [3][-]{subsubsection.8.3.2.4}{\376\377\000c\000h\000o\000i\000c\000e}{subsection.8.3.2}% 51
\BOOKMARK [3][-]{subsubsection.8.3.2.5}{\376\377\000d\000i\000a\000l}{subsection.8.3.2}% 52
\BOOKMARK [3][-]{subsubsection.8.3.2.6}{\376\377\000d\000m\000e\000t\000e\000r}{subsection.8.3.2}% 53
\BOOKMARK [3][-]{subsubsection.8.3.2.7}{\376\377\000f\000o\000n\000t\000w}{subsection.8.3.2}% 54
\BOOKMARK [3][-]{subsubsection.8.3.2.8}{\376\377\000g\000r\000o\000u\000p\000B\000o\000x}{subsection.8.3.2}% 55
\BOOKMARK [3][-]{subsubsection.8.3.2.9}{\376\377\000p\000r\000o\000g\000r\000e\000s\000s\000B\000a\000r}{subsection.8.3.2}% 56
\BOOKMARK [3][-]{subsubsection.8.3.2.10}{\376\377\000r\000a\000d\000i\000o\000B\000u\000t\000t\000o\000n}{subsection.8.3.2}% 57
\BOOKMARK [3][-]{subsubsection.8.3.2.11}{\376\377\000s\000l\000i\000d\000e\000r}{subsection.8.3.2}% 58
\BOOKMARK [3][-]{subsubsection.8.3.2.12}{\376\377\000s\000t\000a\000t\000i\000c\000T\000e\000x\000t}{subsection.8.3.2}% 59
\BOOKMARK [3][-]{subsubsection.8.3.2.13}{\376\377\000s\000t\000r\000i\000n\000g}{subsection.8.3.2}% 60
\BOOKMARK [3][-]{subsubsection.8.3.2.14}{\376\377\000t\000h\000e\000m\000e}{subsection.8.3.2}% 61
\BOOKMARK [3][-]{subsubsection.8.3.2.15}{\376\377\000t\000o\000u\000c\000h\000Z\000o\000n\000e}{subsection.8.3.2}% 62
\BOOKMARK [3][-]{subsubsection.8.3.2.16}{\376\377\000w\000s\000t\000a\000c\000k}{subsection.8.3.2}% 63
\BOOKMARK [3][-]{subsubsection.8.3.2.17}{\376\377\000w\000s\000t\000a\000t\000e}{subsection.8.3.2}% 64
\BOOKMARK [3][-]{subsubsection.8.3.2.18}{\376\377\000w\000v\000a\000l\000u\000e}{subsection.8.3.2}% 65
\BOOKMARK [1][-]{section.8.4}{\376\377\000B\000i\000t\000m\000a\000p\000s\000\040\000a\000n\000d\000\040\000F\000o\000n\000t\000s}{chapter.8}% 66
\BOOKMARK [2][-]{subsection.8.4.1}{\376\377\000D\000e\000t\000a\000i\000l\000e\000d\000\040\000D\000e\000s\000c\000r\000i\000p\000t\000i\000o\000n}{section.8.4}% 67
\BOOKMARK [2][-]{subsection.8.4.2}{\376\377\000F\000u\000n\000c\000t\000i\000o\000n\000\040\000D\000o\000c\000u\000m\000e\000n\000t\000a\000t\000i\000o\000n}{section.8.4}% 68
\BOOKMARK [3][-]{subsubsection.8.4.2.1}{\376\377\000f\000o\000n\000t}{subsection.8.4.2}% 69
\BOOKMARK [3][-]{subsubsection.8.4.2.2}{\376\377\000f\000o\000n\000t\000o}{subsection.8.4.2}% 70
\BOOKMARK [3][-]{subsubsection.8.4.2.3}{\376\377\000p\000i\000c\000t\000u\000r\000e}{subsection.8.4.2}% 71
\BOOKMARK [3][-]{subsubsection.8.4.2.4}{\376\377\000p\000r\000i\000n\000t\000S\000t\000r\000i\000n\000g}{subsection.8.4.2}% 72
\BOOKMARK [0][-]{chapter.9}{\376\377\000N\000a\000m\000e\000s\000p\000a\000c\000e\000\040\000D\000o\000c\000u\000m\000e\000n\000t\000a\000t\000i\000o\000n}{}% 73
\BOOKMARK [1][-]{section.9.1}{\376\377\000e\000z\000L\000C\000D\0003\000x\000x\000\040\000N\000a\000m\000e\000s\000p\000a\000c\000e\000\040\000R\000e\000f\000e\000r\000e\000n\000c\000e}{chapter.9}% 74
\BOOKMARK [2][-]{subsection.9.1.1}{\376\377\000D\000e\000t\000a\000i\000l\000e\000d\000\040\000D\000e\000s\000c\000r\000i\000p\000t\000i\000o\000n}{section.9.1}% 75
\BOOKMARK [2][-]{subsection.9.1.2}{\376\377\000F\000u\000n\000c\000t\000i\000o\000n\000\040\000D\000o\000c\000u\000m\000e\000n\000t\000a\000t\000i\000o\000n}{section.9.1}% 76
\BOOKMARK [3][-]{subsubsection.9.1.2.1}{\376\377\000\137\000\137\000i\000n\000i\000t\000\137\000\137}{subsection.9.1.2}% 77
\BOOKMARK [3][-]{subsubsection.9.1.2.2}{\376\377\000c\000l\000o\000s\000e\000S\000e\000r\000i\000a\000l}{subsection.9.1.2}% 78
\BOOKMARK [3][-]{subsubsection.9.1.2.3}{\376\377\000W\000a\000i\000t\000F\000o\000r\000C\000R}{subsection.9.1.2}% 79
\BOOKMARK [0][-]{chapter.10}{\376\377\000C\000l\000a\000s\000s\000\040\000D\000o\000c\000u\000m\000e\000n\000t\000a\000t\000i\000o\000n}{}% 80
\BOOKMARK [1][-]{section.10.1}{\376\377\000e\000z\000L\000C\000D\0003\000x\000x\000.\000e\000z\000L\000C\000D\000\040\000C\000l\000a\000s\000s\000\040\000R\000e\000f\000e\000r\000e\000n\000c\000e}{chapter.10}% 81
\BOOKMARK [-1][-]{section.10.1}{\376\377\000I\000n\000d\000e\000x}{}% 82
